build/outputs/logs/manifest-merger-debug-report.txt
-- Merging decision tree log ---
manifest
ADDED from Android\NovaBlueMask\AndroidManifest.xml:2:1-16:12
INJECTED from Android\NovaBlueMask\AndroidManifest.xml:2:1-16:12
INJECTED from Android\NovaBlueMask\AndroidManifest.xml:2:1-16:12
INJECTED from Android\NovaBlueMask\AndroidManifest.xml:2:1-16:12
INJECTED from Android\NovaBlueMask\AndroidManifest.xml:2:1-16:12
	package
		ADDED from Android\NovaBlueMask\AndroidManifest.xml:3:7-43
	android:versionName
		ADDED from Android\NovaBlueMask\AndroidManifest.xml:5:7-32
		INJECTED from Android\NovaBlueMask\AndroidManifest.xml
		INJECTED from Android\NovaBlueMask\AndroidManifest.xml
	xmlns:android
		ADDED from Android\NovaBlueMask\AndroidManifest.xml:2:11-69
	android:versionCode
		ADDED from Android\NovaBlueMask\AndroidManifest.xml:4:7-30
		INJECTED from Android\NovaBlueMask\AndroidManifest.xml
		INJECTED from Android\NovaBlueMask\AndroidManifest.xml
application
ADDED from Android\NovaBlueMask\AndroidManifest.xml:6:5-15:19
	android:label
		ADDED from Android\NovaBlueMask\AndroidManifest.xml:6:18-50
	android:icon
		ADDED from Android\NovaBlueMask\AndroidManifest.xml:6:51-80
activity#com.websterei.blueiconmask.MainActivity
ADDED from Android\NovaBlueMask\AndroidManifest.xml:7:9-14:20
	android:name
		ADDED from Android\NovaBlueMask\AndroidManifest.xml:7:19-47
intent-filter#android.intent.action.MAIN+android.intent.category.LAUNCHER+com.novalauncher.THEME
ADDED from Android\NovaBlueMask\AndroidManifest.xml:9:13-13:29
action#android.intent.action.MAIN
ADDED from Android\NovaBlueMask\AndroidManifest.xml:10:17-69
	android:name
		ADDED from Android\NovaBlueMask\AndroidManifest.xml:10:25-66
category#android.intent.category.LAUNCHER
ADDED from Android\NovaBlueMask\AndroidManifest.xml:11:17-77
	android:name
		ADDED from Android\NovaBlueMask\AndroidManifest.xml:11:27-74
action#com.novalauncher.THEME
ADDED from Android\NovaBlueMask\AndroidManifest.xml:12:17-65
	android:name
		ADDED from Android\NovaBlueMask\AndroidManifest.xml:12:25-62
uses-sdk
INJECTED from Android\NovaBlueMask\AndroidManifest.xml reason: use-sdk injection requested
INJECTED from Android\NovaBlueMask\AndroidManifest.xml
INJECTED from Android\NovaBlueMask\AndroidManifest.xml
INJECTED from Android\NovaBlueMask\AndroidManifest.xml
INJECTED from Android\NovaBlueMask\AndroidManifest.xml
	android:targetSdkVersion
		INJECTED from Android\NovaBlueMask\AndroidManifest.xml
		ADDED from Android\NovaBlueMask\AndroidManifest.xml
		INJECTED from Android\NovaBlueMask\AndroidManifest.xml
	android:minSdkVersion
		INJECTED from Android\NovaBlueMask\AndroidManifest.xml
		ADDED from Android\NovaBlueMask\AndroidManifest.xml
		INJECTED from Android\NovaBlueMask\AndroidManifest.xml